Arguments: 
  /usr/local/bin/node /usr/local/bin/yarn

PATH: 
  /usr/local/bin:/usr/bin:/bin:/usr/sbin:/sbin

Yarn version: 
  1.16.0

Node version: 
  10.16.0

Platform: 
  darwin x64

Trace: 
  Error: ENOENT: no such file or directory, copyfile '/Users/sunweiqi/Library/Caches/Yarn/v4/npm-is-fullwidth-code-point-3.0.0-f116f8064fe90b3f7844a38997c0b75051269f1d/node_modules/is-fullwidth-code-point/index.d.ts' -> '/Users/sunweiqi/Desktop/self/webpack/node_modules/inquirer/node_modules/is-fullwidth-code-point/index.d.ts'

npm manifest: 
  {
    "name": "@lowinc/lib",
    "version": "1.0.0",
    "description": "webpack打包",
    "main": "dist/index.js",
    "types": "dist/index.d.ts",
    "files": [
      "dist"
    ],
    "scripts": {
      "dev": "webpack-dev-server --open --config ./webpack/index.dev.js",
      "build": "npm run build:js && npm run build:types",
      "build:types": "tsc --emitDeclarationOnly",
      "build:js": "webpack --config ./webpack/index.prod.js"
    },
    "keywords": [],
    "author": "lowinc",
    "license": "ISC",
    "devDependencies": {
      "@babel/cli": "^7.6.4",
      "@babel/core": "^7.6.4",
      "@babel/plugin-proposal-class-properties": "^7.5.5",
      "@babel/plugin-proposal-numeric-separator": "^7.2.0",
      "@babel/plugin-proposal-object-rest-spread": "^7.6.2",
      "@babel/plugin-syntax-dynamic-import": "^7.2.0",
      "@babel/preset-env": "^7.6.3",
      "@babel/preset-typescript": "^7.6.0",
      "babel-loader": "^8.0.4",
      "clean-webpack-plugin": "^3.0.0",
      "declaration-bundler-webpack-plugin": "^1.0.3",
      "eslint": "^6.6.0",
      "html-webpack-plugin": "^3.2.0",
      "open-browser-webpack-plugin": "^0.0.5",
      "terser-webpack-plugin": "^2.2.1",
      "typescript": "^3.6.4",
      "uglifyjs-webpack-plugin": "^2.2.0",
      "webpack": "^4.41.2",
      "webpack-cli": "^3.3.10",
      "webpack-dev-server": "^3.9.0",
      "webpack-merge": "^4.2.2"
    },
    "dependencies": {
      "@types/lodash": "^4.14.144",
      "global": "^4.4.0",
      "lodash": "^4.17.15"
    }
  }

yarn manifest: 
  No manifest

Lockfile: 
  No lockfile
